# JRE version: OpenJDK Runtime Environment (11.0.8+10) (build 11.0.8+10-b944.6842174)
# Java VM: OpenJDK 64-Bit Server VM (11.0.8+10-b944.6842174, mixed mode, tiered, compressed oops, g1 gc, windows-amd64)
Heap:
 garbage-first heap   total 611328K, used 246308K [0x0000000080000000, 0x0000000100000000)
  region size 1024K, 10 young (10240K), 10 survivors (10240K)
 Metaspace       used 161534K, capacity 165794K, committed 165964K, reserved 1193984K
  class space    used 20450K, capacity 21854K, committed 21888K, reserved 1048576K
GC Heap History (20 events):
Event: 1032.678 GC heap after
{Heap after GC invocations=101 (full 0):
 garbage-first heap   total 256000K, used 198341K [0x0000000080000000, 0x0000000100000000)
  region size 1024K, 4 young (4096K), 4 survivors (4096K)
 Metaspace       used 158680K, capacity 162793K, committed 163148K, reserved 1191936K
  class space    used 20145K, capacity 21506K, committed 21632K, reserved 1048576K
}
Event: 1032.755 GC heap before
{Heap before GC invocations=101 (full 0):
 garbage-first heap   total 256000K, used 213701K [0x0000000080000000, 0x0000000100000000)
  region size 1024K, 20 young (20480K), 4 survivors (4096K)
 Metaspace       used 158696K, capacity 162796K, committed 163148K, reserved 1191936K
  class space    used 20145K, capacity 21506K, committed 21632K, reserved 1048576K
}
Event: 1032.771 GC heap after
{Heap after GC invocations=102 (full 0):
 garbage-first heap   total 256000K, used 208726K [0x0000000080000000, 0x0000000100000000)
  region size 1024K, 3 young (3072K), 3 survivors (3072K)
 Metaspace       used 158696K, capacity 162796K, committed 163148K, reserved 1191936K
  class space    used 20145K, capacity 21506K, committed 21632K, reserved 1048576K
}
Event: 1032.826 GC heap before
{Heap before GC invocations=102 (full 0):
 garbage-first heap   total 256000K, used 217942K [0x0000000080000000, 0x0000000100000000)
  region size 1024K, 13 young (13312K), 3 survivors (3072K)
 Metaspace       used 158696K, capacity 162796K, committed 163148K, reserved 1191936K
  class space    used 20145K, capacity 21506K, committed 21632K, reserved 1048576K
}
Event: 1032.835 GC heap after
{Heap after GC invocations=103 (full 0):
 garbage-first heap   total 256000K, used 215833K [0x0000000080000000, 0x0000000100000000)
  region size 1024K, 2 young (2048K), 2 survivors (2048K)
 Metaspace       used 158696K, capacity 162796K, committed 163148K, reserved 1191936K
  class space    used 20145K, capacity 21506K, committed 21632K, reserved 1048576K
}
Event: 1032.989 GC heap before
{Heap before GC invocations=103 (full 0):
 garbage-first heap   total 256000K, used 225049K [0x0000000080000000, 0x0000000100000000)
  region size 1024K, 12 young (12288K), 2 survivors (2048K)
 Metaspace       used 159638K, capacity 163817K, committed 164044K, reserved 1191936K
  class space    used 20266K, capacity 21648K, committed 21760K, reserved 1048576K
}
Event: 1032.999 GC heap after
{Heap after GC invocations=104 (full 0):
 garbage-first heap   total 256000K, used 219136K [0x0000000080000000, 0x0000000100000000)
  region size 1024K, 2 young (2048K), 2 survivors (2048K)
 Metaspace       used 159638K, capacity 163817K, committed 164044K, reserved 1191936K
  class space    used 20266K, capacity 21648K, committed 21760K, reserved 1048576K
}
Event: 1033.130 GC heap before
{Heap before GC invocations=105 (full 0):
 garbage-first heap   total 256000K, used 228352K [0x0000000080000000, 0x0000000100000000)
  region size 1024K, 12 young (12288K), 2 survivors (2048K)
 Metaspace       used 159961K, capacity 164098K, committed 164300K, reserved 1191936K
  class space    used 20306K, capacity 21675K, committed 21760K, reserved 1048576K
}
Event: 1033.142 GC heap after
{Heap after GC invocations=106 (full 0):
 garbage-first heap   total 256000K, used 221710K [0x0000000080000000, 0x0000000100000000)
  region size 1024K, 2 young (2048K), 2 survivors (2048K)
 Metaspace       used 159961K, capacity 164098K, committed 164300K, reserved 1191936K
  class space    used 20306K, capacity 21675K, committed 21760K, reserved 1048576K
}
Event: 1033.199 GC heap before
{Heap before GC invocations=106 (full 0):
 garbage-first heap   total 256000K, used 231950K [0x0000000080000000, 0x0000000100000000)
  region size 1024K, 12 young (12288K), 2 survivors (2048K)
 Metaspace       used 160171K, capacity 164358K, committed 164556K, reserved 1191936K
  class space    used 20327K, capacity 21715K, committed 21760K, reserved 1048576K
}
Event: 1033.213 GC heap after
{Heap after GC invocations=107 (full 0):
 garbage-first heap   total 256000K, used 220194K [0x0000000080000000, 0x0000000100000000)
  region size 1024K, 2 young (2048K), 2 survivors (2048K)
 Metaspace       used 160171K, capacity 164358K, committed 164556K, reserved 1191936K
  class space    used 20327K, capacity 21715K, committed 21760K, reserved 1048576K
}
Event: 1033.285 GC heap before
{Heap before GC invocations=107 (full 0):
 garbage-first heap   total 256000K, used 229410K [0x0000000080000000, 0x0000000100000000)
  region size 1024K, 12 young (12288K), 2 survivors (2048K)
 Metaspace       used 160199K, capacity 164362K, committed 164556K, reserved 1191936K
  class space    used 20327K, capacity 21715K, committed 21760K, reserved 1048576K
}
Event: 1033.298 GC heap after
{Heap after GC invocations=108 (full 0):
 garbage-first heap   total 424960K, used 221836K [0x0000000080000000, 0x0000000100000000)
  region size 1024K, 2 young (2048K), 2 survivors (2048K)
 Metaspace       used 160199K, capacity 164362K, committed 164556K, reserved 1191936K
  class space    used 20327K, capacity 21715K, committed 21760K, reserved 1048576K
}
Event: 1034.111 GC heap before
{Heap before GC invocations=109 (full 0):
 garbage-first heap   total 424960K, used 300684K [0x0000000080000000, 0x0000000100000000)
  region size 1024K, 71 young (72704K), 2 survivors (2048K)
 Metaspace       used 160638K, capacity 164851K, committed 165068K, reserved 1191936K
  class space    used 20359K, capacity 21744K, committed 21760K, reserved 1048576K
}
Event: 1034.129 GC heap after
{Heap after GC invocations=110 (full 0):
 garbage-first heap   total 424960K, used 236730K [0x0000000080000000, 0x0000000100000000)
  region size 1024K, 9 young (9216K), 9 survivors (9216K)
 Metaspace       used 160638K, capacity 164851K, committed 165068K, reserved 1191936K
  class space    used 20359K, capacity 21744K, committed 21760K, reserved 1048576K
}
Event: 1034.148 GC heap before
{Heap before GC invocations=110 (full 0):
 garbage-first heap   total 424960K, used 246970K [0x0000000080000000, 0x0000000100000000)
  region size 1024K, 20 young (20480K), 9 survivors (9216K)
 Metaspace       used 160641K, capacity 164852K, committed 165068K, reserved 1191936K
  class space    used 20359K, capacity 21744K, committed 21760K, reserved 1048576K
}
Event: 1034.161 GC heap after
{Heap after GC invocations=111 (full 0):
 garbage-first heap   total 424960K, used 238343K [0x0000000080000000, 0x0000000100000000)
  region size 1024K, 3 young (3072K), 3 survivors (3072K)
 Metaspace       used 160641K, capacity 164852K, committed 165068K, reserved 1191936K
  class space    used 20359K, capacity 21744K, committed 21760K, reserved 1048576K
}
Event: 1034.182 GC heap before
{Heap before GC invocations=111 (full 0):
 garbage-first heap   total 424960K, used 251655K [0x0000000080000000, 0x0000000100000000)
  region size 1024K, 17 young (17408K), 3 survivors (3072K)
 Metaspace       used 160641K, capacity 164852K, committed 165068K, reserved 1191936K
  class space    used 20359K, capacity 21744K, committed 21760K, reserved 1048576K
}
Event: 1034.190 GC heap after
{Heap after GC invocations=112 (full 0):
 garbage-first heap   total 424960K, used 240758K [0x0000000080000000, 0x0000000100000000)
  region size 1024K, 5 young (5120K), 5 survivors (5120K)
 Metaspace       used 160641K, capacity 164852K, committed 165068K, reserved 1191936K
  class space    used 20359K, capacity 21744K, committed 21760K, reserved 1048576K
}
Event: 1034.975 GC heap before
{Heap before GC invocations=113 (full 0):
 garbage-first heap   total 424960K, used 322678K [0x0000000080000000, 0x0000000100000000)
  region size 1024K, 79 young (80896K), 5 survivors (5120K)
 Metaspace       used 161534K, capacity 165794K, committed 165964K, reserved 1193984K
  class space    used 20450K, capacity 21854K, committed 21888K, reserved 1048576K
}

