# JRE version: OpenJDK Runtime Environment (11.0.8+10) (build 11.0.8+10-b944.6842174)
# Java VM: OpenJDK 64-Bit Server VM (11.0.8+10-b944.6842174, mixed mode, tiered, compressed oops, g1 gc, windows-amd64)
Heap:
 garbage-first heap   total 256000K, used 59612K [0x0000000080000000, 0x0000000100000000)
  region size 1024K, 17 young (17408K), 6 survivors (6144K)
 Metaspace       used 59910K, capacity 61211K, committed 61388K, reserved 1101824K
  class space    used 7596K, capacity 8074K, committed 8192K, reserved 1048576K
GC Heap History (14 events):
Event: 0.838 GC heap before
{Heap before GC invocations=0 (full 0):
 garbage-first heap   total 256000K, used 29696K [0x0000000080000000, 0x0000000100000000)
  region size 1024K, 24 young (24576K), 0 survivors (0K)
 Metaspace       used 10657K, capacity 10890K, committed 11008K, reserved 1058816K
  class space    used 1130K, capacity 1202K, committed 1280K, reserved 1048576K
}
Event: 0.843 GC heap after
{Heap after GC invocations=1 (full 0):
 garbage-first heap   total 256000K, used 8768K [0x0000000080000000, 0x0000000100000000)
  region size 1024K, 3 young (3072K), 3 survivors (3072K)
 Metaspace       used 10657K, capacity 10890K, committed 11008K, reserved 1058816K
  class space    used 1130K, capacity 1202K, committed 1280K, reserved 1048576K
}
Event: 2.423 GC heap before
{Heap before GC invocations=1 (full 0):
 garbage-first heap   total 256000K, used 93760K [0x0000000080000000, 0x0000000100000000)
  region size 1024K, 88 young (90112K), 3 survivors (3072K)
 Metaspace       used 20686K, capacity 21115K, committed 21248K, reserved 1067008K
  class space    used 2549K, capacity 2712K, committed 2816K, reserved 1048576K
}
Event: 2.431 GC heap after
{Heap after GC invocations=2 (full 0):
 garbage-first heap   total 256000K, used 16113K [0x0000000080000000, 0x0000000100000000)
  region size 1024K, 11 young (11264K), 11 survivors (11264K)
 Metaspace       used 20686K, capacity 21115K, committed 21248K, reserved 1067008K
  class space    used 2549K, capacity 2712K, committed 2816K, reserved 1048576K
}
Event: 3.147 GC heap before
{Heap before GC invocations=3 (full 0):
 garbage-first heap   total 256000K, used 82673K [0x0000000080000000, 0x0000000100000000)
  region size 1024K, 76 young (77824K), 11 survivors (11264K)
 Metaspace       used 27698K, capacity 28351K, committed 28544K, reserved 1073152K
  class space    used 3667K, capacity 3893K, committed 3968K, reserved 1048576K
}
Event: 3.154 GC heap after
{Heap after GC invocations=4 (full 0):
 garbage-first heap   total 256000K, used 18840K [0x0000000080000000, 0x0000000100000000)
  region size 1024K, 3 young (3072K), 3 survivors (3072K)
 Metaspace       used 27698K, capacity 28351K, committed 28544K, reserved 1073152K
  class space    used 3667K, capacity 3893K, committed 3968K, reserved 1048576K
}
Event: 3.666 GC heap before
{Heap before GC invocations=4 (full 0):
 garbage-first heap   total 256000K, used 52632K [0x0000000080000000, 0x0000000100000000)
  region size 1024K, 37 young (37888K), 3 survivors (3072K)
 Metaspace       used 35082K, capacity 35773K, committed 35840K, reserved 1081344K
  class space    used 4570K, capacity 4856K, committed 4864K, reserved 1048576K
}
Event: 3.673 GC heap after
{Heap after GC invocations=5 (full 0):
 garbage-first heap   total 256000K, used 21471K [0x0000000080000000, 0x0000000100000000)
  region size 1024K, 6 young (6144K), 6 survivors (6144K)
 Metaspace       used 35082K, capacity 35773K, committed 35840K, reserved 1081344K
  class space    used 4570K, capacity 4856K, committed 4864K, reserved 1048576K
}
Event: 4.800 GC heap before
{Heap before GC invocations=6 (full 0):
 garbage-first heap   total 256000K, used 123871K [0x0000000080000000, 0x0000000100000000)
  region size 1024K, 103 young (105472K), 6 survivors (6144K)
 Metaspace       used 43704K, capacity 44713K, committed 44928K, reserved 1087488K
  class space    used 5600K, capacity 5979K, committed 6016K, reserved 1048576K
}
Event: 4.810 GC heap after
{Heap after GC invocations=7 (full 0):
 garbage-first heap   total 256000K, used 27442K [0x0000000080000000, 0x0000000100000000)
  region size 1024K, 12 young (12288K), 12 survivors (12288K)
 Metaspace       used 43704K, capacity 44713K, committed 44928K, reserved 1087488K
  class space    used 5600K, capacity 5979K, committed 6016K, reserved 1048576K
}
Event: 6.290 GC heap before
{Heap before GC invocations=7 (full 0):
 garbage-first heap   total 256000K, used 166706K [0x0000000080000000, 0x0000000100000000)
  region size 1024K, 143 young (146432K), 12 survivors (12288K)
 Metaspace       used 54518K, capacity 55843K, committed 56064K, reserved 1097728K
  class space    used 6940K, capacity 7364K, committed 7424K, reserved 1048576K
}
Event: 6.302 GC heap after
{Heap after GC invocations=8 (full 0):
 garbage-first heap   total 256000K, used 43505K [0x0000000080000000, 0x0000000100000000)
  region size 1024K, 18 young (18432K), 18 survivors (18432K)
 Metaspace       used 54518K, capacity 55843K, committed 56064K, reserved 1097728K
  class space    used 6940K, capacity 7364K, committed 7424K, reserved 1048576K
}
Event: 6.718 GC heap before
{Heap before GC invocations=8 (full 0):
 garbage-first heap   total 256000K, used 85489K [0x0000000080000000, 0x0000000100000000)
  region size 1024K, 60 young (61440K), 18 survivors (18432K)
 Metaspace       used 58736K, capacity 60111K, committed 60160K, reserved 1101824K
  class space    used 7435K, capacity 7921K, committed 7936K, reserved 1048576K
}
Event: 6.739 GC heap after
{Heap after GC invocations=9 (full 0):
 garbage-first heap   total 256000K, used 49372K [0x0000000080000000, 0x0000000100000000)
  region size 1024K, 6 young (6144K), 6 survivors (6144K)
 Metaspace       used 58736K, capacity 60111K, committed 60160K, reserved 1101824K
  class space    used 7435K, capacity 7921K, committed 7936K, reserved 1048576K
}

