# JRE version: OpenJDK Runtime Environment (11.0.8+10) (build 11.0.8+10-b944.6842174)
# Java VM: OpenJDK 64-Bit Server VM (11.0.8+10-b944.6842174, mixed mode, tiered, compressed oops, g1 gc, windows-amd64)
Heap:
 garbage-first heap   total 479232K, used 181559K [0x0000000080000000, 0x0000000100000000)
  region size 1024K, 7 young (7168K), 7 survivors (7168K)
 Metaspace       used 165855K, capacity 169819K, committed 170156K, reserved 1198080K
  class space    used 20944K, capacity 22383K, committed 22496K, reserved 1048576K
GC Heap History (20 events):
Event: 443.222 GC heap after
{Heap after GC invocations=41 (full 0):
 garbage-first heap   total 256000K, used 142150K [0x0000000080000000, 0x0000000100000000)
  region size 1024K, 5 young (5120K), 5 survivors (5120K)
 Metaspace       used 149295K, capacity 152825K, committed 154284K, reserved 1183744K
  class space    used 18907K, capacity 20149K, committed 20704K, reserved 1048576K
}
Event: 443.617 GC heap before
{Heap before GC invocations=42 (full 0):
 garbage-first heap   total 256000K, used 223046K [0x0000000080000000, 0x0000000100000000)
  region size 1024K, 70 young (71680K), 5 survivors (5120K)
 Metaspace       used 152717K, capacity 156294K, committed 157612K, reserved 1185792K
  class space    used 19170K, capacity 20419K, committed 20960K, reserved 1048576K
}
Event: 443.624 GC heap after
{Heap after GC invocations=43 (full 0):
 garbage-first heap   total 256000K, used 142748K [0x0000000080000000, 0x0000000100000000)
  region size 1024K, 5 young (5120K), 5 survivors (5120K)
 Metaspace       used 152717K, capacity 156294K, committed 157612K, reserved 1185792K
  class space    used 19170K, capacity 20419K, committed 20960K, reserved 1048576K
}
Event: 443.650 GC heap before
{Heap before GC invocations=43 (full 0):
 garbage-first heap   total 256000K, used 148892K [0x0000000080000000, 0x0000000100000000)
  region size 1024K, 12 young (12288K), 5 survivors (5120K)
 Metaspace       used 152877K, capacity 156422K, committed 157868K, reserved 1185792K
  class space    used 19179K, capacity 20419K, committed 20960K, reserved 1048576K
}
Event: 443.655 GC heap after
{Heap after GC invocations=44 (full 0):
 garbage-first heap   total 256000K, used 141966K [0x0000000080000000, 0x0000000100000000)
  region size 1024K, 1 young (1024K), 1 survivors (1024K)
 Metaspace       used 152877K, capacity 156422K, committed 157868K, reserved 1185792K
  class space    used 19179K, capacity 20419K, committed 20960K, reserved 1048576K
}
Event: 443.890 GC heap before
{Heap before GC invocations=44 (full 0):
 garbage-first heap   total 256000K, used 209550K [0x0000000080000000, 0x0000000100000000)
  region size 1024K, 68 young (69632K), 1 survivors (1024K)
 Metaspace       used 154655K, capacity 158220K, committed 159532K, reserved 1187840K
  class space    used 19342K, capacity 20591K, committed 21088K, reserved 1048576K
}
Event: 443.893 GC heap after
{Heap after GC invocations=45 (full 0):
 garbage-first heap   total 256000K, used 143459K [0x0000000080000000, 0x0000000100000000)
  region size 1024K, 3 young (3072K), 3 survivors (3072K)
 Metaspace       used 154655K, capacity 158220K, committed 159532K, reserved 1187840K
  class space    used 19342K, capacity 20591K, committed 21088K, reserved 1048576K
}
Event: 444.398 GC heap before
{Heap before GC invocations=46 (full 0):
 garbage-first heap   total 256000K, used 202851K [0x0000000080000000, 0x0000000100000000)
  region size 1024K, 71 young (72704K), 3 survivors (3072K)
 Metaspace       used 155244K, capacity 158742K, committed 160172K, reserved 1187840K
  class space    used 19393K, capacity 20647K, committed 21216K, reserved 1048576K
}
Event: 444.403 GC heap after
{Heap after GC invocations=47 (full 0):
 garbage-first heap   total 256000K, used 136738K [0x0000000080000000, 0x0000000100000000)
  region size 1024K, 5 young (5120K), 5 survivors (5120K)
 Metaspace       used 155244K, capacity 158742K, committed 160172K, reserved 1187840K
  class space    used 19393K, capacity 20647K, committed 21216K, reserved 1048576K
}
Event: 444.453 GC heap before
{Heap before GC invocations=47 (full 0):
 garbage-first heap   total 256000K, used 142882K [0x0000000080000000, 0x0000000100000000)
  region size 1024K, 12 young (12288K), 5 survivors (5120K)
 Metaspace       used 155479K, capacity 158973K, committed 160172K, reserved 1187840K
  class space    used 19424K, capacity 20659K, committed 21216K, reserved 1048576K
}
Event: 444.462 GC heap after
{Heap after GC invocations=48 (full 0):
 garbage-first heap   total 256000K, used 123285K [0x0000000080000000, 0x0000000100000000)
  region size 1024K, 1 young (1024K), 1 survivors (1024K)
 Metaspace       used 155479K, capacity 158973K, committed 160172K, reserved 1187840K
  class space    used 19424K, capacity 20659K, committed 21216K, reserved 1048576K
}
Event: 444.617 GC heap before
{Heap before GC invocations=48 (full 0):
 garbage-first heap   total 256000K, used 208277K [0x0000000080000000, 0x0000000100000000)
  region size 1024K, 83 young (84992K), 1 survivors (1024K)
 Metaspace       used 157968K, capacity 161578K, committed 162476K, reserved 1189888K
  class space    used 19781K, capacity 21061K, committed 21472K, reserved 1048576K
}
Event: 444.629 GC heap after
{Heap after GC invocations=49 (full 0):
 garbage-first heap   total 307200K, used 143787K [0x0000000080000000, 0x0000000100000000)
  region size 1024K, 11 young (11264K), 11 survivors (11264K)
 Metaspace       used 157968K, capacity 161578K, committed 162476K, reserved 1189888K
  class space    used 19781K, capacity 21061K, committed 21472K, reserved 1048576K
}
Event: 444.922 GC heap before
{Heap before GC invocations=50 (full 0):
 garbage-first heap   total 307200K, used 237995K [0x0000000080000000, 0x0000000100000000)
  region size 1024K, 104 young (106496K), 11 survivors (11264K)
 Metaspace       used 161402K, capacity 165112K, committed 165676K, reserved 1193984K
  class space    used 20254K, capacity 21592K, committed 21856K, reserved 1048576K
}
Event: 444.942 GC heap after
{Heap after GC invocations=51 (full 0):
 garbage-first heap   total 307200K, used 158398K [0x0000000080000000, 0x0000000100000000)
  region size 1024K, 13 young (13312K), 13 survivors (13312K)
 Metaspace       used 161402K, capacity 165112K, committed 165676K, reserved 1193984K
  class space    used 20254K, capacity 21592K, committed 21856K, reserved 1048576K
}
Event: 444.945 GC heap before
{Heap before GC invocations=51 (full 0):
 garbage-first heap   total 307200K, used 160446K [0x0000000080000000, 0x0000000100000000)
  region size 1024K, 15 young (15360K), 13 survivors (13312K)
 Metaspace       used 161442K, capacity 165176K, committed 165932K, reserved 1193984K
  class space    used 20267K, capacity 21592K, committed 21856K, reserved 1048576K
}
Event: 444.957 GC heap after
{Heap after GC invocations=52 (full 0):
 garbage-first heap   total 307200K, used 159550K [0x0000000080000000, 0x0000000100000000)
  region size 1024K, 2 young (2048K), 2 survivors (2048K)
 Metaspace       used 161442K, capacity 165176K, committed 165932K, reserved 1193984K
  class space    used 20267K, capacity 21592K, committed 21856K, reserved 1048576K
}
Event: 445.148 GC heap before
{Heap before GC invocations=52 (full 0):
 garbage-first heap   total 307200K, used 239422K [0x0000000080000000, 0x0000000100000000)
  region size 1024K, 81 young (82944K), 2 survivors (2048K)
 Metaspace       used 164100K, capacity 167952K, committed 168108K, reserved 1196032K
  class space    used 20703K, capacity 22091K, committed 22240K, reserved 1048576K
}
Event: 445.163 GC heap after
{Heap after GC invocations=53 (full 0):
 garbage-first heap   total 307200K, used 173964K [0x0000000080000000, 0x0000000100000000)
  region size 1024K, 11 young (11264K), 11 survivors (11264K)
 Metaspace       used 164100K, capacity 167952K, committed 168108K, reserved 1196032K
  class space    used 20703K, capacity 22091K, committed 22240K, reserved 1048576K
}
Event: 445.399 GC heap before
{Heap before GC invocations=53 (full 0):
 garbage-first heap   total 307200K, used 244620K [0x0000000080000000, 0x0000000100000000)
  region size 1024K, 80 young (81920K), 11 survivors (11264K)
 Metaspace       used 165855K, capacity 169819K, committed 170156K, reserved 1198080K
  class space    used 20944K, capacity 22383K, committed 22496K, reserved 1048576K
}

